<?xml version="1.0" encoding="UTF-8"?>
<!-- Generated by org.testng.reporters.JUnitXMLReporter -->
<testsuite hostname="vijaya-tester" ignored="0" name="Default test" tests="2" failures="0" timestamp="2020-10-16T17:09:36 IST" time="170.37" errors="0">
  <testcase name="imageWithAddToCartAuthor" time="148.71" classname="com.nrdemo.Testcases.VerifyImageWithAddToCartLink"/>
  <testcase name="imageWithAddToCartPublisher" time="21.601" classname="com.nrdemo.Testcases.VerifyImageWithAddToCartLink"/>
</testsuite> <!-- Default test -->
