<?xml version="1.0" encoding="UTF-8"?>
<!-- Generated by org.testng.reporters.JUnitXMLReporter -->
<testsuite hostname="vijaya-tester" ignored="0" name="data" tests="3" failures="0" timestamp="2020-09-18T18:28:12 IST" time="220.478" errors="0">
  <testcase name="callToAction" time="78.928" classname="dataDriven.CallToAction"/>
  <testcase name="callToAction" time="99.94" classname="dataDriven.CallToAction"/>
  <testcase name="ctaPublisherTest" time="25.313" classname="dataDriven.CtaPublisherTest"/>
</testsuite> <!-- data -->
