<?xml version="1.0" encoding="UTF-8"?>
<testng-results skipped="0" failed="0" ignored="0" total="2" passed="2">
  <reporter-output>
  </reporter-output>
  <suite name="Default suite" duration-ms="170370" started-at="2020-10-16T17:06:46 IST" finished-at="2020-10-16T17:09:36 IST">
    <groups>
    </groups>
    <test name="Default test" duration-ms="170370" started-at="2020-10-16T17:06:46 IST" finished-at="2020-10-16T17:09:36 IST">
      <class name="com.nrdemo.Testcases.VerifyImageWithAddToCartLink">
        <test-method status="PASS" signature="imageWithAddToCartAuthor()[pri:1, instance:com.nrdemo.Testcases.VerifyImageWithAddToCartLink@4f970963]" name="imageWithAddToCartAuthor" duration-ms="148710" started-at="2020-10-16T17:06:46 IST" finished-at="2020-10-16T17:09:14 IST">
          <reporter-output>
          </reporter-output>
        </test-method> <!-- imageWithAddToCartAuthor -->
        <test-method status="PASS" signature="imageWithAddToCartPublisher()[pri:2, instance:com.nrdemo.Testcases.VerifyImageWithAddToCartLink@4f970963]" name="imageWithAddToCartPublisher" duration-ms="21601" started-at="2020-10-16T17:09:14 IST" finished-at="2020-10-16T17:09:36 IST">
          <reporter-output>
          </reporter-output>
        </test-method> <!-- imageWithAddToCartPublisher -->
      </class> <!-- com.nrdemo.Testcases.VerifyImageWithAddToCartLink -->
    </test> <!-- Default test -->
  </suite> <!-- Default suite -->
</testng-results>
