<?xml version="1.0" encoding="UTF-8"?>
<testng-results skipped="0" failed="0" ignored="0" total="1" passed="1">
  <reporter-output>
  </reporter-output>
  <suite name="Default suite" duration-ms="538" started-at="2020-08-24T13:00:25 IST" finished-at="2020-08-24T13:00:25 IST">
    <groups>
    </groups>
    <test name="Default test" duration-ms="538" started-at="2020-08-24T13:00:25 IST" finished-at="2020-08-24T13:00:25 IST">
      <class name="dataDriven.ReadExceldata">
        <test-method status="PASS" signature="excel()[pri:0, instance:dataDriven.ReadExceldata@5b87ed94]" name="excel" duration-ms="496" started-at="2020-08-24T13:00:25 IST" finished-at="2020-08-24T13:00:25 IST">
          <reporter-output>
          </reporter-output>
        </test-method> <!-- excel -->
      </class> <!-- dataDriven.ReadExceldata -->
    </test> <!-- Default test -->
  </suite> <!-- Default suite -->
</testng-results>
